INFO:  latexindent.pl version 3.12, 2021-09-16, a script to indent .tex files
       latexindent.pl lives here: /usr/local/Cellar/latexindent/3.12/libexec/bin/
       Mon Nov 29 16:34:10 2021
       Reading input from STDIN
INFO:  Processing switches:
INFO:  Directory for backup files and indent.log: .
INFO:  Perl modules are being loaded from the following directories:
       /usr/local/Cellar/perl/5.34.0/lib/perl5/5.34.0/FindBin.pm
       /usr/local/Cellar/latexindent/3.12/libexec/lib/perl5/YAML/Tiny.pm
       /usr/local/Cellar/perl/5.34.0/lib/perl5/5.34.0/File/Copy.pm
       /usr/local/Cellar/perl/5.34.0/lib/perl5/5.34.0/File/Basename.pm
       /usr/local/Cellar/perl/5.34.0/lib/perl5/5.34.0/Getopt/Long.pm
       /usr/local/Cellar/latexindent/3.12/libexec/lib/perl5/File/HomeDir.pm
       /usr/local/Cellar/latexindent/3.12/libexec/lib/perl5/darwin-thread-multi-2level/Unicode/GCString.pm
INFO:  LatexIndent perl modules are being loaded from, for example:
       /usr/local/Cellar/latexindent/3.12/libexec/lib/perl5/LatexIndent/Document.pm
INFO:  YAML settings read: defaultSettings.yaml
       Reading defaultSettings.yaml from /usr/local/Cellar/latexindent/3.12/libexec/bin/defaultSettings.yaml
INFO:  YAML settings read: indentconfig.yaml or .indentconfig.yaml
       Home directory is /Users/rajitbanerjee (didn't find either indentconfig.yaml or .indentconfig.yaml)
       To specify user settings you would put indentconfig.yaml here: /Users/rajitbanerjee/indentconfig.yaml
       Alternatively, you can use the hidden file .indentconfig.yaml as: /Users/rajitbanerjee/.indentconfig.yaml
INFO:  -l switch used without filename, will search for the following files in turn:
       localSettings.yaml,latexindent.yaml,.localSettings.yaml,.latexindent.yaml
INFO:  YAML settings read: -l switch
       Multiple localSettings found, separated by commas:
       localSettings.yaml, latexindent.yaml, .localSettings.yaml, .latexindent.yaml
WARN:  yaml file not found: localSettings.yaml not found. Proceeding without it.
WARN:  yaml file not found: latexindent.yaml not found. Proceeding without it.
WARN:  yaml file not found: .localSettings.yaml not found. Proceeding without it.
WARN:  yaml file not found: .latexindent.yaml not found. Proceeding without it.
INFO:  Phase 1: searching for objects
INFO:  Phase 2: finding surrounding indentation
INFO:  Phase 3: indenting objects
INFO:  Phase 4: final indentation check
INFO:  Output routine:
       Not outputting to file; see -w and -o switches for more options.
       --------------
INFO:  Please direct all communication/issues to:
        https://github.com/cmhughes/latexindent.pl
